# JRE version: OpenJDK Runtime Environment Temurin-21.0.9+10 (21.0.9+10) (build 21.0.9+10-LTS)
# Java VM: OpenJDK 64-Bit Server VM Temurin-21.0.9+10 (21.0.9+10-LTS, mixed mode, sharing, tiered, compressed oops, compressed class ptrs, parallel gc, windows-amd64)
GC Precious Log:
 CardTable entry size: 512
 CPUs: 8 total, 8 available
 Memory: 7959M
 Large Page Support: Disabled
 NUMA Support: Disabled
 Compressed Oops: Enabled (32-bit)
 Alignments: Space 512K, Generation 512K, Heap 2M
 Heap Min Capacity: 100M
 Heap Initial Capacity: 100M
 Heap Max Capacity: 2G
 Pre-touch: Disabled
 Parallel Workers: 8
Heap:
 PSYoungGen      total 22528K, used 2123K [0x00000000d5580000, 0x00000000d6d00000, 0x0000000100000000)
  eden space 21504K, 6% used [0x00000000d5580000,0x00000000d56f2c58,0x00000000d6a80000)
  from space 1024K, 62% used [0x00000000d6b00000,0x00000000d6ba0020,0x00000000d6c00000)
  to   space 1024K, 0% used [0x00000000d6c00000,0x00000000d6c00000,0x00000000d6d00000)
 ParOldGen       total 72704K, used 72688K [0x0000000080000000, 0x0000000084700000, 0x00000000d5580000)
  object space 72704K, 99% used [0x0000000080000000,0x00000000846fc240,0x0000000084700000)
 Metaspace       used 70526K, committed 72064K, reserved 1114112K
  class space    used 7652K, committed 8320K, reserved 1048576K
GC Heap History (20 events):
Event: 66.071 GC heap before
{Heap before GC invocations=63 (full 3):
 PSYoungGen      total 23040K, used 22958K [0x00000000d5580000, 0x00000000d6d00000, 0x0000000100000000)
  eden space 22016K, 100% used [0x00000000d5580000,0x00000000d6b00000,0x00000000d6b00000)
  from space 1024K, 92% used [0x00000000d6b00000,0x00000000d6bebb48,0x00000000d6c00000)
  to   space 1024K, 0% used [0x00000000d6c00000,0x00000000d6c00000,0x00000000d6d00000)
 ParOldGen       total 68608K, used 66981K [0x0000000080000000, 0x0000000084300000, 0x00000000d5580000)
  object space 68608K, 97% used [0x0000000080000000,0x00000000841696d8,0x0000000084300000)
 Metaspace       used 62780K, committed 64064K, reserved 1114112K
  class space    used 6780K, committed 7360K, reserved 1048576K
}
Event: 66.074 GC heap after
{Heap after GC invocations=63 (full 3):
 PSYoungGen      total 23040K, used 512K [0x00000000d5580000, 0x00000000d6d00000, 0x0000000100000000)
  eden space 22016K, 0% used [0x00000000d5580000,0x00000000d5580000,0x00000000d6b00000)
  from space 1024K, 50% used [0x00000000d6c00000,0x00000000d6c80000,0x00000000d6d00000)
  to   space 1024K, 0% used [0x00000000d6b00000,0x00000000d6b00000,0x00000000d6c00000)
 ParOldGen       total 68608K, used 67756K [0x0000000080000000, 0x0000000084300000, 0x00000000d5580000)
  object space 68608K, 98% used [0x0000000080000000,0x000000008422b228,0x0000000084300000)
 Metaspace       used 62780K, committed 64064K, reserved 1114112K
  class space    used 6780K, committed 7360K, reserved 1048576K
}
Event: 66.584 GC heap before
{Heap before GC invocations=64 (full 3):
 PSYoungGen      total 23040K, used 22528K [0x00000000d5580000, 0x00000000d6d00000, 0x0000000100000000)
  eden space 22016K, 100% used [0x00000000d5580000,0x00000000d6b00000,0x00000000d6b00000)
  from space 1024K, 50% used [0x00000000d6c00000,0x00000000d6c80000,0x00000000d6d00000)
  to   space 1024K, 0% used [0x00000000d6b00000,0x00000000d6b00000,0x00000000d6c00000)
 ParOldGen       total 68608K, used 67756K [0x0000000080000000, 0x0000000084300000, 0x00000000d5580000)
  object space 68608K, 98% used [0x0000000080000000,0x000000008422b228,0x0000000084300000)
 Metaspace       used 62784K, committed 64064K, reserved 1114112K
  class space    used 6780K, committed 7360K, reserved 1048576K
}
Event: 66.586 GC heap after
{Heap after GC invocations=64 (full 3):
 PSYoungGen      total 23040K, used 672K [0x00000000d5580000, 0x00000000d6d00000, 0x0000000100000000)
  eden space 22016K, 0% used [0x00000000d5580000,0x00000000d5580000,0x00000000d6b00000)
  from space 1024K, 65% used [0x00000000d6b00000,0x00000000d6ba8000,0x00000000d6c00000)
  to   space 1024K, 0% used [0x00000000d6c00000,0x00000000d6c00000,0x00000000d6d00000)
 ParOldGen       total 68608K, used 68220K [0x0000000080000000, 0x0000000084300000, 0x00000000d5580000)
  object space 68608K, 99% used [0x0000000080000000,0x000000008429f228,0x0000000084300000)
 Metaspace       used 62784K, committed 64064K, reserved 1114112K
  class space    used 6780K, committed 7360K, reserved 1048576K
}
Event: 66.789 GC heap before
{Heap before GC invocations=65 (full 3):
 PSYoungGen      total 23040K, used 22688K [0x00000000d5580000, 0x00000000d6d00000, 0x0000000100000000)
  eden space 22016K, 100% used [0x00000000d5580000,0x00000000d6b00000,0x00000000d6b00000)
  from space 1024K, 65% used [0x00000000d6b00000,0x00000000d6ba8000,0x00000000d6c00000)
  to   space 1024K, 0% used [0x00000000d6c00000,0x00000000d6c00000,0x00000000d6d00000)
 ParOldGen       total 68608K, used 68220K [0x0000000080000000, 0x0000000084300000, 0x00000000d5580000)
  object space 68608K, 99% used [0x0000000080000000,0x000000008429f228,0x0000000084300000)
 Metaspace       used 62789K, committed 64064K, reserved 1114112K
  class space    used 6780K, committed 7360K, reserved 1048576K
}
Event: 66.792 GC heap after
{Heap after GC invocations=65 (full 3):
 PSYoungGen      total 23040K, used 640K [0x00000000d5580000, 0x00000000d6d00000, 0x0000000100000000)
  eden space 22016K, 0% used [0x00000000d5580000,0x00000000d5580000,0x00000000d6b00000)
  from space 1024K, 62% used [0x00000000d6c00000,0x00000000d6ca0230,0x00000000d6d00000)
  to   space 1024K, 0% used [0x00000000d6b00000,0x00000000d6b00000,0x00000000d6c00000)
 ParOldGen       total 69120K, used 68791K [0x0000000080000000, 0x0000000084380000, 0x00000000d5580000)
  object space 69120K, 99% used [0x0000000080000000,0x000000008432dec0,0x0000000084380000)
 Metaspace       used 62789K, committed 64064K, reserved 1114112K
  class space    used 6780K, committed 7360K, reserved 1048576K
}
Event: 68.167 GC heap before
{Heap before GC invocations=66 (full 3):
 PSYoungGen      total 23040K, used 22656K [0x00000000d5580000, 0x00000000d6d00000, 0x0000000100000000)
  eden space 22016K, 100% used [0x00000000d5580000,0x00000000d6b00000,0x00000000d6b00000)
  from space 1024K, 62% used [0x00000000d6c00000,0x00000000d6ca0230,0x00000000d6d00000)
  to   space 1024K, 0% used [0x00000000d6b00000,0x00000000d6b00000,0x00000000d6c00000)
 ParOldGen       total 69120K, used 68791K [0x0000000080000000, 0x0000000084380000, 0x00000000d5580000)
  object space 69120K, 99% used [0x0000000080000000,0x000000008432dec0,0x0000000084380000)
 Metaspace       used 62789K, committed 64064K, reserved 1114112K
  class space    used 6780K, committed 7360K, reserved 1048576K
}
Event: 68.168 GC heap after
{Heap after GC invocations=66 (full 3):
 PSYoungGen      total 23040K, used 448K [0x00000000d5580000, 0x00000000d6d00000, 0x0000000100000000)
  eden space 22016K, 0% used [0x00000000d5580000,0x00000000d5580000,0x00000000d6b00000)
  from space 1024K, 43% used [0x00000000d6b00000,0x00000000d6b70000,0x00000000d6c00000)
  to   space 1024K, 0% used [0x00000000d6c00000,0x00000000d6c00000,0x00000000d6d00000)
 ParOldGen       total 69632K, used 69175K [0x0000000080000000, 0x0000000084400000, 0x00000000d5580000)
  object space 69632K, 99% used [0x0000000080000000,0x000000008438de18,0x0000000084400000)
 Metaspace       used 62789K, committed 64064K, reserved 1114112K
  class space    used 6780K, committed 7360K, reserved 1048576K
}
Event: 68.355 GC heap before
{Heap before GC invocations=67 (full 3):
 PSYoungGen      total 23040K, used 22464K [0x00000000d5580000, 0x00000000d6d00000, 0x0000000100000000)
  eden space 22016K, 100% used [0x00000000d5580000,0x00000000d6b00000,0x00000000d6b00000)
  from space 1024K, 43% used [0x00000000d6b00000,0x00000000d6b70000,0x00000000d6c00000)
  to   space 1024K, 0% used [0x00000000d6c00000,0x00000000d6c00000,0x00000000d6d00000)
 ParOldGen       total 69632K, used 69175K [0x0000000080000000, 0x0000000084400000, 0x00000000d5580000)
  object space 69632K, 99% used [0x0000000080000000,0x000000008438de18,0x0000000084400000)
 Metaspace       used 63550K, committed 64896K, reserved 1114112K
  class space    used 6866K, committed 7488K, reserved 1048576K
}
Event: 68.357 GC heap after
{Heap after GC invocations=67 (full 3):
 PSYoungGen      total 22528K, used 1012K [0x00000000d5580000, 0x00000000d6e00000, 0x0000000100000000)
  eden space 21504K, 0% used [0x00000000d5580000,0x00000000d5580000,0x00000000d6a80000)
  from space 1024K, 98% used [0x00000000d6c00000,0x00000000d6cfd1f0,0x00000000d6d00000)
  to   space 1536K, 0% used [0x00000000d6a80000,0x00000000d6a80000,0x00000000d6c00000)
 ParOldGen       total 69632K, used 69419K [0x0000000080000000, 0x0000000084400000, 0x00000000d5580000)
  object space 69632K, 99% used [0x0000000080000000,0x00000000843caea0,0x0000000084400000)
 Metaspace       used 63550K, committed 64896K, reserved 1114112K
  class space    used 6866K, committed 7488K, reserved 1048576K
}
Event: 69.090 GC heap before
{Heap before GC invocations=68 (full 3):
 PSYoungGen      total 22528K, used 22516K [0x00000000d5580000, 0x00000000d6e00000, 0x0000000100000000)
  eden space 21504K, 100% used [0x00000000d5580000,0x00000000d6a80000,0x00000000d6a80000)
  from space 1024K, 98% used [0x00000000d6c00000,0x00000000d6cfd1f0,0x00000000d6d00000)
  to   space 1536K, 0% used [0x00000000d6a80000,0x00000000d6a80000,0x00000000d6c00000)
 ParOldGen       total 69632K, used 69419K [0x0000000080000000, 0x0000000084400000, 0x00000000d5580000)
  object space 69632K, 99% used [0x0000000080000000,0x00000000843caea0,0x0000000084400000)
 Metaspace       used 64536K, committed 65984K, reserved 1114112K
  class space    used 6973K, committed 7616K, reserved 1048576K
}
Event: 69.093 GC heap after
{Heap after GC invocations=68 (full 3):
 PSYoungGen      total 23040K, used 1521K [0x00000000d5580000, 0x00000000d7080000, 0x0000000100000000)
  eden space 21504K, 0% used [0x00000000d5580000,0x00000000d5580000,0x00000000d6a80000)
  from space 1536K, 99% used [0x00000000d6a80000,0x00000000d6bfc490,0x00000000d6c00000)
  to   space 3072K, 0% used [0x00000000d6d80000,0x00000000d6d80000,0x00000000d7080000)
 ParOldGen       total 70656K, used 70449K [0x0000000080000000, 0x0000000084500000, 0x00000000d5580000)
  object space 70656K, 99% used [0x0000000080000000,0x00000000844cc5e0,0x0000000084500000)
 Metaspace       used 64536K, committed 65984K, reserved 1114112K
  class space    used 6973K, committed 7616K, reserved 1048576K
}
Event: 69.223 GC heap before
{Heap before GC invocations=69 (full 3):
 PSYoungGen      total 23040K, used 23025K [0x00000000d5580000, 0x00000000d7080000, 0x0000000100000000)
  eden space 21504K, 100% used [0x00000000d5580000,0x00000000d6a80000,0x00000000d6a80000)
  from space 1536K, 99% used [0x00000000d6a80000,0x00000000d6bfc490,0x00000000d6c00000)
  to   space 3072K, 0% used [0x00000000d6d80000,0x00000000d6d80000,0x00000000d7080000)
 ParOldGen       total 70656K, used 70449K [0x0000000080000000, 0x0000000084500000, 0x00000000d5580000)
  object space 70656K, 99% used [0x0000000080000000,0x00000000844cc5e0,0x0000000084500000)
 Metaspace       used 64775K, committed 66304K, reserved 1114112K
  class space    used 6992K, committed 7680K, reserved 1048576K
}
Event: 69.227 GC heap after
{Heap after GC invocations=69 (full 3):
 PSYoungGen      total 23040K, used 1412K [0x00000000d5580000, 0x00000000d6f00000, 0x0000000100000000)
  eden space 21504K, 0% used [0x00000000d5580000,0x00000000d5580000,0x00000000d6a80000)
  from space 1536K, 91% used [0x00000000d6d80000,0x00000000d6ee10d0,0x00000000d6f00000)
  to   space 2048K, 0% used [0x00000000d6b00000,0x00000000d6b00000,0x00000000d6d00000)
 ParOldGen       total 72192K, used 71681K [0x0000000080000000, 0x0000000084680000, 0x00000000d5580000)
  object space 72192K, 99% used [0x0000000080000000,0x00000000846005f0,0x0000000084680000)
 Metaspace       used 64775K, committed 66304K, reserved 1114112K
  class space    used 6992K, committed 7680K, reserved 1048576K
}
Event: 69.504 GC heap before
{Heap before GC invocations=70 (full 3):
 PSYoungGen      total 23040K, used 22916K [0x00000000d5580000, 0x00000000d6f00000, 0x0000000100000000)
  eden space 21504K, 100% used [0x00000000d5580000,0x00000000d6a80000,0x00000000d6a80000)
  from space 1536K, 91% used [0x00000000d6d80000,0x00000000d6ee10d0,0x00000000d6f00000)
  to   space 2048K, 0% used [0x00000000d6b00000,0x00000000d6b00000,0x00000000d6d00000)
 ParOldGen       total 72192K, used 71681K [0x0000000080000000, 0x0000000084680000, 0x00000000d5580000)
  object space 72192K, 99% used [0x0000000080000000,0x00000000846005f0,0x0000000084680000)
 Metaspace       used 66883K, committed 68352K, reserved 1114112K
  class space    used 7161K, committed 7808K, reserved 1048576K
}
Event: 69.506 GC heap after
{Heap after GC invocations=70 (full 3):
 PSYoungGen      total 22528K, used 795K [0x00000000d5580000, 0x00000000d6e00000, 0x0000000100000000)
  eden space 21504K, 0% used [0x00000000d5580000,0x00000000d5580000,0x00000000d6a80000)
  from space 1024K, 77% used [0x00000000d6b00000,0x00000000d6bc6c30,0x00000000d6c00000)
  to   space 1536K, 0% used [0x00000000d6c80000,0x00000000d6c80000,0x00000000d6e00000)
 ParOldGen       total 72192K, used 71865K [0x0000000080000000, 0x0000000084680000, 0x00000000d5580000)
  object space 72192K, 99% used [0x0000000080000000,0x000000008462e610,0x0000000084680000)
 Metaspace       used 66883K, committed 68352K, reserved 1114112K
  class space    used 7161K, committed 7808K, reserved 1048576K
}
Event: 1260.520 GC heap before
{Heap before GC invocations=71 (full 3):
 PSYoungGen      total 22528K, used 22286K [0x00000000d5580000, 0x00000000d6e00000, 0x0000000100000000)
  eden space 21504K, 99% used [0x00000000d5580000,0x00000000d6a7cc50,0x00000000d6a80000)
  from space 1024K, 77% used [0x00000000d6b00000,0x00000000d6bc6c30,0x00000000d6c00000)
  to   space 1536K, 0% used [0x00000000d6c80000,0x00000000d6c80000,0x00000000d6e00000)
 ParOldGen       total 72192K, used 71865K [0x0000000080000000, 0x0000000084680000, 0x00000000d5580000)
  object space 72192K, 99% used [0x0000000080000000,0x000000008462e610,0x0000000084680000)
 Metaspace       used 67994K, committed 69504K, reserved 1114112K
  class space    used 7284K, committed 7936K, reserved 1048576K
}
Event: 1260.535 GC heap after
{Heap after GC invocations=71 (full 3):
 PSYoungGen      total 22528K, used 650K [0x00000000d5580000, 0x00000000d6d80000, 0x0000000100000000)
  eden space 21504K, 0% used [0x00000000d5580000,0x00000000d5580000,0x00000000d6a80000)
  from space 1024K, 63% used [0x00000000d6c80000,0x00000000d6d229f0,0x00000000d6d80000)
  to   space 1024K, 0% used [0x00000000d6b00000,0x00000000d6b00000,0x00000000d6c00000)
 ParOldGen       total 72192K, used 72169K [0x0000000080000000, 0x0000000084680000, 0x00000000d5580000)
  object space 72192K, 99% used [0x0000000080000000,0x000000008467a630,0x0000000084680000)
 Metaspace       used 67994K, committed 69504K, reserved 1114112K
  class space    used 7284K, committed 7936K, reserved 1048576K
}
Event: 1261.930 GC heap before
{Heap before GC invocations=72 (full 3):
 PSYoungGen      total 22528K, used 22153K [0x00000000d5580000, 0x00000000d6d80000, 0x0000000100000000)
  eden space 21504K, 99% used [0x00000000d5580000,0x00000000d6a7fda8,0x00000000d6a80000)
  from space 1024K, 63% used [0x00000000d6c80000,0x00000000d6d229f0,0x00000000d6d80000)
  to   space 1024K, 0% used [0x00000000d6b00000,0x00000000d6b00000,0x00000000d6c00000)
 ParOldGen       total 72192K, used 72169K [0x0000000080000000, 0x0000000084680000, 0x00000000d5580000)
  object space 72192K, 99% used [0x0000000080000000,0x000000008467a630,0x0000000084680000)
 Metaspace       used 70483K, committed 72000K, reserved 1114112K
  class space    used 7649K, committed 8320K, reserved 1048576K
}
Event: 1261.932 GC heap after
{Heap after GC invocations=72 (full 3):
 PSYoungGen      total 22528K, used 640K [0x00000000d5580000, 0x00000000d6d00000, 0x0000000100000000)
  eden space 21504K, 0% used [0x00000000d5580000,0x00000000d5580000,0x00000000d6a80000)
  from space 1024K, 62% used [0x00000000d6b00000,0x00000000d6ba0020,0x00000000d6c00000)
  to   space 1024K, 0% used [0x00000000d6c00000,0x00000000d6c00000,0x00000000d6d00000)
 ParOldGen       total 72704K, used 72688K [0x0000000080000000, 0x0000000084700000, 0x00000000d5580000)
  object space 72704K, 99% used [0x0000000080000000,0x00000000846fc240,0x0000000084700000)
 Metaspace       used 70483K, committed 72000K, reserved 1114112K
  class space    used 7649K, committed 8320K, reserved 1048576K
}

